[INFO][2016-08-25 17:20:19] org.springframework.web.context.ContextLoader.initWebApplicationContext(ContextLoader.java:305) main Root WebApplicationContext: initialization started 
    [INFO][2016-08-25 17:20:19] org.springframework.context.support.AbstractApplicationContext.prepareRefresh(AbstractApplicationContext.java:581) main Refreshing Root WebApplicationContext: startup date [Thu Aug 25 17:20:19 CST 2016]; root of context hierarchy 
    [INFO][2016-08-25 17:20:19] org.springframework.beans.factory.xml.XmlBeanDefinitionReader.loadBeanDefinitions(XmlBeanDefinitionReader.java:317) main Loading XML bean definitions from class path resource [spring-mvc/spring-context.xml] 
    [INFO][2016-08-25 17:20:19] org.springframework.beans.factory.xml.XmlBeanDefinitionReader.loadBeanDefinitions(XmlBeanDefinitionReader.java:317) main Loading XML bean definitions from class path resource [spring-mvc/spring-mvc.xml] 
    [INFO][2016-08-25 17:20:19] org.springframework.core.io.support.PropertiesLoaderSupport.loadProperties(PropertiesLoaderSupport.java:172) main Loading properties file from class path resource [resource.properties] 
    [INFO][2016-08-25 17:20:19] org.springframework.beans.factory.annotation.AutowiredAnnotationBeanPostProcessor.<init>(AutowiredAnnotationBeanPostProcessor.java:155) main JSR-330 'javax.inject.Inject' annotation found and supported for autowiring 
    [INFO][2016-08-25 17:20:19] org.springframework.beans.factory.annotation.AutowiredAnnotationBeanPostProcessor.<init>(AutowiredAnnotationBeanPostProcessor.java:155) main JSR-330 'javax.inject.Inject' annotation found and supported for autowiring 
    [INFO][2016-08-25 17:20:20] org.springframework.web.servlet.mvc.method.annotation.RequestMappingHandlerAdapter.initControllerAdviceCache(RequestMappingHandlerAdapter.java:534) main Looking for @ControllerAdvice: Root WebApplicationContext: startup date [Thu Aug 25 17:20:19 CST 2016]; root of context hierarchy 
    [INFO][2016-08-25 17:20:20] org.springframework.web.servlet.mvc.method.annotation.RequestMappingHandlerAdapter.initControllerAdviceCache(RequestMappingHandlerAdapter.java:534) main Looking for @ControllerAdvice: Root WebApplicationContext: startup date [Thu Aug 25 17:20:19 CST 2016]; root of context hierarchy 
    [INFO][2016-08-25 17:20:20] org.springframework.web.servlet.handler.AbstractUrlHandlerMapping.registerHandler(AbstractUrlHandlerMapping.java:354) main Mapped URL path [/*.txt] onto handler 'org.springframework.web.servlet.resource.ResourceHttpRequestHandler#0' 
    [INFO][2016-08-25 17:20:20] org.springframework.web.servlet.handler.AbstractUrlHandlerMapping.registerHandler(AbstractUrlHandlerMapping.java:354) main Mapped URL path [/*.apk] onto handler 'org.springframework.web.servlet.resource.ResourceHttpRequestHandler#1' 
    [INFO][2016-08-25 17:20:20] org.springframework.web.context.ContextLoader.initWebApplicationContext(ContextLoader.java:345) main Root WebApplicationContext: initialization completed in 1023 ms 
    [INFO][2016-08-25 17:20:20] org.springframework.web.servlet.FrameworkServlet.initServletBean(FrameworkServlet.java:489) main FrameworkServlet 'SpringMVC': initialization started 
    [INFO][2016-08-25 17:20:20] org.springframework.context.support.AbstractApplicationContext.prepareRefresh(AbstractApplicationContext.java:581) main Refreshing WebApplicationContext for namespace 'SpringMVC-servlet': startup date [Thu Aug 25 17:20:20 CST 2016]; parent: Root WebApplicationContext 
    [INFO][2016-08-25 17:20:20] org.springframework.beans.factory.xml.XmlBeanDefinitionReader.loadBeanDefinitions(XmlBeanDefinitionReader.java:317) main Loading XML bean definitions from class path resource [spring-mvc/spring-mvc.xml] 
    [INFO][2016-08-25 17:20:20] org.springframework.beans.factory.annotation.AutowiredAnnotationBeanPostProcessor.<init>(AutowiredAnnotationBeanPostProcessor.java:155) main JSR-330 'javax.inject.Inject' annotation found and supported for autowiring 
    [INFO][2016-08-25 17:20:20] org.springframework.web.servlet.mvc.method.annotation.RequestMappingHandlerAdapter.initControllerAdviceCache(RequestMappingHandlerAdapter.java:534) main Looking for @ControllerAdvice: WebApplicationContext for namespace 'SpringMVC-servlet': startup date [Thu Aug 25 17:20:20 CST 2016]; parent: Root WebApplicationContext 
    [INFO][2016-08-25 17:20:20] org.springframework.web.servlet.mvc.method.annotation.RequestMappingHandlerAdapter.initControllerAdviceCache(RequestMappingHandlerAdapter.java:534) main Looking for @ControllerAdvice: WebApplicationContext for namespace 'SpringMVC-servlet': startup date [Thu Aug 25 17:20:20 CST 2016]; parent: Root WebApplicationContext 
    [INFO][2016-08-25 17:20:20] org.springframework.web.servlet.handler.AbstractUrlHandlerMapping.registerHandler(AbstractUrlHandlerMapping.java:354) main Mapped URL path [/*.txt] onto handler 'org.springframework.web.servlet.resource.ResourceHttpRequestHandler#0' 
    [INFO][2016-08-25 17:20:20] org.springframework.web.servlet.handler.AbstractUrlHandlerMapping.registerHandler(AbstractUrlHandlerMapping.java:354) main Mapped URL path [/*.apk] onto handler 'org.springframework.web.servlet.resource.ResourceHttpRequestHandler#1' 
    [INFO][2016-08-25 17:20:20] org.springframework.web.servlet.FrameworkServlet.initServletBean(FrameworkServlet.java:508) main FrameworkServlet 'SpringMVC': initialization completed in 196 ms 
    [WARN][2016-08-25 17:20:50] org.springframework.web.servlet.DispatcherServlet.noHandlerFound(DispatcherServlet.java:1147) qtp195388128-19 No mapping found for HTTP request with URI [/myapp/] in DispatcherServlet with name 'SpringMVC' 
    